2022-07-08 10:50:33,478 [myid:] - INFO  [main:QuorumPeerConfig@174] - Reading configuration from: /home/hung/zookeeper_cluster/zkNode2/bin/../conf/zoo.cfg
2022-07-08 10:50:33,483 [myid:] - INFO  [main:QuorumPeerConfig@444] - clientPortAddress is 0.0.0.0:2182
2022-07-08 10:50:33,483 [myid:] - INFO  [main:QuorumPeerConfig@448] - secureClientPort is not set
2022-07-08 10:50:33,483 [myid:] - INFO  [main:QuorumPeerConfig@464] - observerMasterPort is not set
2022-07-08 10:50:33,483 [myid:] - INFO  [main:QuorumPeerConfig@481] - metricsProvider.className is org.apache.zookeeper.metrics.impl.DefaultMetricsProvider
2022-07-08 10:50:33,491 [myid:2] - INFO  [main:DatadirCleanupManager@78] - autopurge.snapRetainCount set to 3
2022-07-08 10:50:33,491 [myid:2] - INFO  [main:DatadirCleanupManager@79] - autopurge.purgeInterval set to 0
2022-07-08 10:50:33,491 [myid:2] - INFO  [main:DatadirCleanupManager@101] - Purge task is not scheduled.
2022-07-08 10:50:33,491 [myid:2] - INFO  [main:ManagedUtil@46] - Log4j 1.2 jmx support not found; jmx disabled.
2022-07-08 10:50:33,492 [myid:2] - INFO  [main:QuorumPeerMain@152] - Starting quorum peer, myid=2
2022-07-08 10:50:33,503 [myid:2] - INFO  [main:ServerMetrics@62] - ServerMetrics initialized with provider org.apache.zookeeper.metrics.impl.DefaultMetricsProvider@6a5fc7f7
2022-07-08 10:50:33,506 [myid:2] - INFO  [main:DigestAuthenticationProvider@47] - ACL digest algorithm is: SHA1
2022-07-08 10:50:33,506 [myid:2] - INFO  [main:DigestAuthenticationProvider@61] - zookeeper.DigestAuthenticationProvider.enabled = true
2022-07-08 10:50:33,512 [myid:2] - INFO  [main:ServerCnxnFactory@169] - Using org.apache.zookeeper.server.NIOServerCnxnFactory as server connection factory
2022-07-08 10:50:33,513 [myid:2] - WARN  [main:ServerCnxnFactory@309] - maxCnxns is not configured, using default value 0.
2022-07-08 10:50:33,515 [myid:2] - INFO  [main:NIOServerCnxnFactory@652] - Configuring NIO connection handler with 10s sessionless connection timeout, 1 selector thread(s), 8 worker threads, and 64 kB direct buffers.
2022-07-08 10:50:33,520 [myid:2] - INFO  [main:NIOServerCnxnFactory@660] - binding to port 0.0.0.0/0.0.0.0:2182
2022-07-08 10:50:33,528 [myid:2] - INFO  [main:QuorumPeer@797] - zookeeper.quorumCnxnTimeoutMs=-1
2022-07-08 10:50:33,556 [myid:2] - INFO  [main:Log@170] - Logging initialized @444ms to org.eclipse.jetty.util.log.Slf4jLog
2022-07-08 10:50:33,654 [myid:2] - WARN  [main:ContextHandler@1656] - o.e.j.s.ServletContextHandler@458c1321{/,null,STOPPED} contextPath ends with /*
2022-07-08 10:50:33,655 [myid:2] - WARN  [main:ContextHandler@1667] - Empty contextPath
2022-07-08 10:50:33,669 [myid:2] - INFO  [main:X509Util@77] - Setting -D jdk.tls.rejectClientInitiatedRenegotiation=true to disable client-initiated TLS renegotiation
2022-07-08 10:50:33,672 [myid:2] - INFO  [main:FileTxnSnapLog@124] - zookeeper.snapshot.trust.empty : false
2022-07-08 10:50:33,675 [myid:2] - INFO  [main:QuorumPeer@1747] - Local sessions disabled
2022-07-08 10:50:33,675 [myid:2] - INFO  [main:QuorumPeer@1758] - Local session upgrading disabled
2022-07-08 10:50:33,675 [myid:2] - INFO  [main:QuorumPeer@1725] - tickTime set to 2000
2022-07-08 10:50:33,675 [myid:2] - INFO  [main:QuorumPeer@1769] - minSessionTimeout set to 4000
2022-07-08 10:50:33,675 [myid:2] - INFO  [main:QuorumPeer@1780] - maxSessionTimeout set to 40000
2022-07-08 10:50:33,675 [myid:2] - INFO  [main:QuorumPeer@1805] - initLimit set to 10
2022-07-08 10:50:33,675 [myid:2] - INFO  [main:QuorumPeer@1992] - syncLimit set to 5
2022-07-08 10:50:33,675 [myid:2] - INFO  [main:QuorumPeer@2007] - connectToLearnerMasterLimit set to 0
2022-07-08 10:50:33,687 [myid:2] - INFO  [main:ZookeeperBanner@42] - 
2022-07-08 10:50:33,687 [myid:2] - INFO  [main:ZookeeperBanner@42] -   ______                  _                                          
2022-07-08 10:50:33,687 [myid:2] - INFO  [main:ZookeeperBanner@42] -  |___  /                 | |                                         
2022-07-08 10:50:33,687 [myid:2] - INFO  [main:ZookeeperBanner@42] -     / /    ___     ___   | | __   ___    ___   _ __     ___   _ __   
2022-07-08 10:50:33,687 [myid:2] - INFO  [main:ZookeeperBanner@42] -    / /    / _ \   / _ \  | |/ /  / _ \  / _ \ | '_ \   / _ \ | '__|
2022-07-08 10:50:33,687 [myid:2] - INFO  [main:ZookeeperBanner@42] -   / /__  | (_) | | (_) | |   <  |  __/ |  __/ | |_) | |  __/ | |    
2022-07-08 10:50:33,687 [myid:2] - INFO  [main:ZookeeperBanner@42] -  /_____|  \___/   \___/  |_|\_\  \___|  \___| | .__/   \___| |_|
2022-07-08 10:50:33,687 [myid:2] - INFO  [main:ZookeeperBanner@42] -                                               | |                     
2022-07-08 10:50:33,687 [myid:2] - INFO  [main:ZookeeperBanner@42] -                                               |_|                     
2022-07-08 10:50:33,687 [myid:2] - INFO  [main:ZookeeperBanner@42] - 
2022-07-08 10:50:33,689 [myid:2] - INFO  [main:Environment@98] - Server environment:zookeeper.version=3.7.1-a2fb57c55f8e59cdd76c34b357ad5181df1258d5, built on 2022-05-07 06:45 UTC
2022-07-08 10:50:33,689 [myid:2] - INFO  [main:Environment@98] - Server environment:host.name=DELL
2022-07-08 10:50:33,689 [myid:2] - INFO  [main:Environment@98] - Server environment:java.version=1.8.0_312
2022-07-08 10:50:33,689 [myid:2] - INFO  [main:Environment@98] - Server environment:java.vendor=Private Build
2022-07-08 10:50:33,689 [myid:2] - INFO  [main:Environment@98] - Server environment:java.home=/usr/lib/jvm/java-8-openjdk-amd64/jre
2022-07-08 10:50:33,689 [myid:2] - INFO  [main:Environment@98] - Server environment:java.class.path=/home/hung/zookeeper_cluster/zkNode2/bin/../zookeeper-server/target/classes:/home/hung/zookeeper_cluster/zkNode2/bin/../build/classes:/home/hung/zookeeper_cluster/zkNode2/bin/../zookeeper-server/target/lib/*.jar:/home/hung/zookeeper_cluster/zkNode2/bin/../build/lib/*.jar:/home/hung/zookeeper_cluster/zkNode2/bin/../lib/zookeeper-prometheus-metrics-3.7.1.jar:/home/hung/zookeeper_cluster/zkNode2/bin/../lib/zookeeper-jute-3.7.1.jar:/home/hung/zookeeper_cluster/zkNode2/bin/../lib/zookeeper-3.7.1.jar:/home/hung/zookeeper_cluster/zkNode2/bin/../lib/snappy-java-1.1.7.7.jar:/home/hung/zookeeper_cluster/zkNode2/bin/../lib/slf4j-reload4j-1.7.35.jar:/home/hung/zookeeper_cluster/zkNode2/bin/../lib/slf4j-api-1.7.35.jar:/home/hung/zookeeper_cluster/zkNode2/bin/../lib/simpleclient_servlet-0.9.0.jar:/home/hung/zookeeper_cluster/zkNode2/bin/../lib/simpleclient_hotspot-0.9.0.jar:/home/hung/zookeeper_cluster/zkNode2/bin/../lib/simpleclient_common-0.9.0.jar:/home/hung/zookeeper_cluster/zkNode2/bin/../lib/simpleclient-0.9.0.jar:/home/hung/zookeeper_cluster/zkNode2/bin/../lib/reload4j-1.2.19.jar:/home/hung/zookeeper_cluster/zkNode2/bin/../lib/netty-transport-native-unix-common-4.1.76.Final.jar:/home/hung/zookeeper_cluster/zkNode2/bin/../lib/netty-transport-native-epoll-4.1.76.Final.jar:/home/hung/zookeeper_cluster/zkNode2/bin/../lib/netty-transport-classes-epoll-4.1.76.Final.jar:/home/hung/zookeeper_cluster/zkNode2/bin/../lib/netty-transport-4.1.76.Final.jar:/home/hung/zookeeper_cluster/zkNode2/bin/../lib/netty-resolver-4.1.76.Final.jar:/home/hung/zookeeper_cluster/zkNode2/bin/../lib/netty-handler-4.1.76.Final.jar:/home/hung/zookeeper_cluster/zkNode2/bin/../lib/netty-common-4.1.76.Final.jar:/home/hung/zookeeper_cluster/zkNode2/bin/../lib/netty-codec-4.1.76.Final.jar:/home/hung/zookeeper_cluster/zkNode2/bin/../lib/netty-buffer-4.1.76.Final.jar:/home/hung/zookeeper_cluster/zkNode2/bin/../lib/metrics-core-4.1.12.1.jar:/home/hung/zookeeper_cluster/zkNode2/bin/../lib/jline-2.14.6.jar:/home/hung/zookeeper_cluster/zkNode2/bin/../lib/jetty-util-ajax-9.4.43.v20210629.jar:/home/hung/zookeeper_cluster/zkNode2/bin/../lib/jetty-util-9.4.43.v20210629.jar:/home/hung/zookeeper_cluster/zkNode2/bin/../lib/jetty-servlet-9.4.43.v20210629.jar:/home/hung/zookeeper_cluster/zkNode2/bin/../lib/jetty-server-9.4.43.v20210629.jar:/home/hung/zookeeper_cluster/zkNode2/bin/../lib/jetty-security-9.4.43.v20210629.jar:/home/hung/zookeeper_cluster/zkNode2/bin/../lib/jetty-io-9.4.43.v20210629.jar:/home/hung/zookeeper_cluster/zkNode2/bin/../lib/jetty-http-9.4.43.v20210629.jar:/home/hung/zookeeper_cluster/zkNode2/bin/../lib/javax.servlet-api-3.1.0.jar:/home/hung/zookeeper_cluster/zkNode2/bin/../lib/jackson-databind-2.13.2.1.jar:/home/hung/zookeeper_cluster/zkNode2/bin/../lib/jackson-core-2.13.2.jar:/home/hung/zookeeper_cluster/zkNode2/bin/../lib/jackson-annotations-2.13.2.jar:/home/hung/zookeeper_cluster/zkNode2/bin/../lib/commons-cli-1.4.jar:/home/hung/zookeeper_cluster/zkNode2/bin/../lib/audience-annotations-0.12.0.jar:/home/hung/zookeeper_cluster/zkNode2/bin/../zookeeper-*.jar:/home/hung/zookeeper_cluster/zkNode2/bin/../zookeeper-server/src/main/resources/lib/*.jar:/home/hung/zookeeper_cluster/zkNode2/bin/../conf:
2022-07-08 10:50:33,689 [myid:2] - INFO  [main:Environment@98] - Server environment:java.library.path=/usr/java/packages/lib/amd64:/usr/lib/x86_64-linux-gnu/jni:/lib/x86_64-linux-gnu:/usr/lib/x86_64-linux-gnu:/usr/lib/jni:/lib:/usr/lib
2022-07-08 10:50:33,689 [myid:2] - INFO  [main:Environment@98] - Server environment:java.io.tmpdir=/tmp
2022-07-08 10:50:33,689 [myid:2] - INFO  [main:Environment@98] - Server environment:java.compiler=<NA>
2022-07-08 10:50:33,689 [myid:2] - INFO  [main:Environment@98] - Server environment:os.name=Linux
2022-07-08 10:50:33,689 [myid:2] - INFO  [main:Environment@98] - Server environment:os.arch=amd64
2022-07-08 10:50:33,689 [myid:2] - INFO  [main:Environment@98] - Server environment:os.version=5.13.0-52-generic
2022-07-08 10:50:33,690 [myid:2] - INFO  [main:Environment@98] - Server environment:user.name=hung
2022-07-08 10:50:33,690 [myid:2] - INFO  [main:Environment@98] - Server environment:user.home=/home/hung
2022-07-08 10:50:33,690 [myid:2] - INFO  [main:Environment@98] - Server environment:user.dir=/home/hung/zookeeper_cluster/zkNode2
2022-07-08 10:50:33,690 [myid:2] - INFO  [main:Environment@98] - Server environment:os.memory.free=91MB
2022-07-08 10:50:33,690 [myid:2] - INFO  [main:Environment@98] - Server environment:os.memory.max=889MB
2022-07-08 10:50:33,690 [myid:2] - INFO  [main:Environment@98] - Server environment:os.memory.total=115MB
2022-07-08 10:50:33,690 [myid:2] - INFO  [main:ZooKeeperServer@138] - zookeeper.enableEagerACLCheck = false
2022-07-08 10:50:33,690 [myid:2] - INFO  [main:ZooKeeperServer@151] - zookeeper.digest.enabled = true
2022-07-08 10:50:33,690 [myid:2] - INFO  [main:ZooKeeperServer@155] - zookeeper.closeSessionTxn.enabled = true
2022-07-08 10:50:33,690 [myid:2] - INFO  [main:ZooKeeperServer@1505] - zookeeper.flushDelay=0
2022-07-08 10:50:33,690 [myid:2] - INFO  [main:ZooKeeperServer@1514] - zookeeper.maxWriteQueuePollTime=0
2022-07-08 10:50:33,690 [myid:2] - INFO  [main:ZooKeeperServer@1523] - zookeeper.maxBatchSize=1000
2022-07-08 10:50:33,690 [myid:2] - INFO  [main:ZooKeeperServer@260] - zookeeper.intBufferStartingSizeBytes = 1024
2022-07-08 10:50:33,695 [myid:2] - INFO  [main:WatchManagerFactory@42] - Using org.apache.zookeeper.server.watch.WatchManager as watch manager
2022-07-08 10:50:33,695 [myid:2] - INFO  [main:WatchManagerFactory@42] - Using org.apache.zookeeper.server.watch.WatchManager as watch manager
2022-07-08 10:50:33,695 [myid:2] - INFO  [main:ZKDatabase@133] - zookeeper.snapshotSizeFactor = 0.33
2022-07-08 10:50:33,695 [myid:2] - INFO  [main:ZKDatabase@153] - zookeeper.commitLogCount=500
2022-07-08 10:50:33,709 [myid:2] - INFO  [main:QuorumPeer@2071] - Using insecure (non-TLS) quorum communication
2022-07-08 10:50:33,709 [myid:2] - INFO  [main:QuorumPeer@2077] - Port unification disabled
2022-07-08 10:50:33,709 [myid:2] - INFO  [main:QuorumPeer@180] - multiAddress.enabled set to false
2022-07-08 10:50:33,709 [myid:2] - INFO  [main:QuorumPeer@205] - multiAddress.reachabilityCheckEnabled set to true
2022-07-08 10:50:33,709 [myid:2] - INFO  [main:QuorumPeer@192] - multiAddress.reachabilityCheckTimeoutMs set to 1000
2022-07-08 10:50:33,709 [myid:2] - INFO  [main:QuorumPeer@2532] - QuorumPeer communication is not secured! (SASL auth disabled)
2022-07-08 10:50:33,709 [myid:2] - INFO  [main:QuorumPeer@2557] - quorum.cnxn.threads.size set to 20
2022-07-08 10:50:33,716 [myid:2] - INFO  [main:SnapStream@61] - zookeeper.snapshot.compression.method = CHECKED
2022-07-08 10:50:33,716 [myid:2] - INFO  [main:FileTxnSnapLog@479] - Snapshotting: 0x0 to /tmp/zookeeper-2/version-2/snapshot.0
2022-07-08 10:50:33,719 [myid:2] - INFO  [main:ZKDatabase@290] - Snapshot loaded in 9 ms, highest zxid is 0x0, digest is 1371985504
2022-07-08 10:50:33,719 [myid:2] - INFO  [main:QuorumPeer@1157] - currentEpoch not found! Creating with a reasonable default of 0. This should only happen when you are upgrading your installation
2022-07-08 10:50:33,721 [myid:2] - INFO  [main:QuorumPeer@1185] - acceptedEpoch not found! Creating with a reasonable default of 0. This should only happen when you are upgrading your installation
2022-07-08 10:50:33,726 [myid:2] - INFO  [main:Server@375] - jetty-9.4.43.v20210629; built: 2021-06-30T11:07:22.254Z; git: 526006ecfa3af7f1a27ef3a288e2bef7ea9dd7e8; jvm 1.8.0_312-8u312-b07-0ubuntu1~20.04-b07
2022-07-08 10:50:33,753 [myid:2] - INFO  [main:DefaultSessionIdManager@334] - DefaultSessionIdManager workerName=node0
2022-07-08 10:50:33,753 [myid:2] - INFO  [main:DefaultSessionIdManager@339] - No SessionScavenger set, using defaults
2022-07-08 10:50:33,755 [myid:2] - INFO  [main:HouseKeeper@132] - node0 Scavenging every 660000ms
2022-07-08 10:50:33,758 [myid:2] - WARN  [main:ConstraintSecurityHandler@759] - ServletContext@o.e.j.s.ServletContextHandler@458c1321{/,null,STARTING} has uncovered http methods for path: /*
2022-07-08 10:50:33,767 [myid:2] - INFO  [main:ContextHandler@915] - Started o.e.j.s.ServletContextHandler@458c1321{/,null,AVAILABLE}
2022-07-08 10:50:33,776 [myid:2] - WARN  [main:QuorumPeer@1136] - Problem starting AdminServer
org.apache.zookeeper.server.admin.AdminServer$AdminServerException: Problem starting AdminServer on address 0.0.0.0, port 8080 and command URL /commands
	at org.apache.zookeeper.server.admin.JettyAdminServer.start(JettyAdminServer.java:188)
	at org.apache.zookeeper.server.quorum.QuorumPeer.start(QuorumPeer.java:1134)
	at org.apache.zookeeper.server.quorum.QuorumPeerMain.runFromConfig(QuorumPeerMain.java:229)
	at org.apache.zookeeper.server.quorum.QuorumPeerMain.initializeAndRun(QuorumPeerMain.java:137)
	at org.apache.zookeeper.server.quorum.QuorumPeerMain.main(QuorumPeerMain.java:91)
Caused by: java.io.IOException: Failed to bind to /0.0.0.0:8080
	at org.eclipse.jetty.server.ServerConnector.openAcceptChannel(ServerConnector.java:349)
	at org.eclipse.jetty.server.ServerConnector.open(ServerConnector.java:310)
	at org.eclipse.jetty.server.AbstractNetworkConnector.doStart(AbstractNetworkConnector.java:80)
	at org.eclipse.jetty.server.ServerConnector.doStart(ServerConnector.java:234)
	at org.eclipse.jetty.util.component.AbstractLifeCycle.start(AbstractLifeCycle.java:73)
	at org.eclipse.jetty.server.Server.doStart(Server.java:401)
	at org.eclipse.jetty.util.component.AbstractLifeCycle.start(AbstractLifeCycle.java:73)
	at org.apache.zookeeper.server.admin.JettyAdminServer.start(JettyAdminServer.java:179)
	... 4 more
Caused by: java.net.BindException: Address already in use
	at sun.nio.ch.Net.bind0(Native Method)
	at sun.nio.ch.Net.bind(Net.java:461)
	at sun.nio.ch.Net.bind(Net.java:453)
	at sun.nio.ch.ServerSocketChannelImpl.bind(ServerSocketChannelImpl.java:222)
	at sun.nio.ch.ServerSocketAdaptor.bind(ServerSocketAdaptor.java:85)
	at org.eclipse.jetty.server.ServerConnector.openAcceptChannel(ServerConnector.java:344)
	... 11 more
2022-07-08 10:50:33,778 [myid:2] - INFO  [main:QuorumPeer@2574] - Using 10000ms as the quorum cnxn socket timeout
2022-07-08 10:50:33,783 [myid:2] - INFO  [main:QuorumCnxManager$Listener@924] - Election port bind maximum retries is 3
2022-07-08 10:50:33,785 [myid:2] - INFO  [main:FastLeaderElection@89] - zookeeper.fastleader.minNotificationInterval=200
2022-07-08 10:50:33,785 [myid:2] - INFO  [main:FastLeaderElection@91] - zookeeper.fastleader.maxNotificationInterval=60000
2022-07-08 10:50:33,788 [myid:2] - INFO  [ListenerHandler-localhost/127.0.0.1:3888:QuorumCnxManager$Listener$ListenerHandler@1071] - 2 is accepting connections now, my election bind port: localhost/127.0.0.1:3888
2022-07-08 10:50:33,788 [myid:2] - INFO  [main:ZKAuditProvider@42] - ZooKeeper audit is disabled.
2022-07-08 10:50:33,793 [myid:2] - INFO  [QuorumPeer[myid=2](plain=[0:0:0:0:0:0:0:0]:2182)(secure=disabled):QuorumPeer@1438] - LOOKING
2022-07-08 10:50:33,795 [myid:2] - INFO  [QuorumPeer[myid=2](plain=[0:0:0:0:0:0:0:0]:2182)(secure=disabled):FastLeaderElection@945] - New election. My id = 2, proposed zxid=0x0
2022-07-08 10:50:33,802 [myid:2] - INFO  [WorkerReceiver[myid=2]:FastLeaderElection$Messenger$WorkerReceiver@390] - Notification: my state:LOOKING; n.sid:2, n.state:LOOKING, n.leader:2, n.round:0x1, n.peerEpoch:0x0, n.zxid:0x0, message format version:0x2, n.config version:0x0
2022-07-08 10:50:33,804 [myid:2] - WARN  [QuorumConnectionThread-[myid=2]-2:QuorumCnxManager@401] - Cannot open channel to 3 at election address localhost/127.0.0.1:3988
java.net.ConnectException: Connection refused (Connection refused)
	at java.net.PlainSocketImpl.socketConnect(Native Method)
	at java.net.AbstractPlainSocketImpl.doConnect(AbstractPlainSocketImpl.java:350)
	at java.net.AbstractPlainSocketImpl.connectToAddress(AbstractPlainSocketImpl.java:206)
	at java.net.AbstractPlainSocketImpl.connect(AbstractPlainSocketImpl.java:188)
	at java.net.SocksSocketImpl.connect(SocksSocketImpl.java:392)
	at java.net.Socket.connect(Socket.java:607)
	at org.apache.zookeeper.server.quorum.QuorumCnxManager.initiateConnection(QuorumCnxManager.java:384)
	at org.apache.zookeeper.server.quorum.QuorumCnxManager$QuorumConnectionReqThread.run(QuorumCnxManager.java:458)
	at java.util.concurrent.ThreadPoolExecutor.runWorker(ThreadPoolExecutor.java:1149)
	at java.util.concurrent.ThreadPoolExecutor$Worker.run(ThreadPoolExecutor.java:624)
	at java.lang.Thread.run(Thread.java:748)
2022-07-08 10:50:33,809 [myid:2] - INFO  [WorkerReceiver[myid=2]:FastLeaderElection$Messenger$WorkerReceiver@390] - Notification: my state:LOOKING; n.sid:1, n.state:LOOKING, n.leader:1, n.round:0x1, n.peerEpoch:0x0, n.zxid:0x0, message format version:0x2, n.config version:0x0
2022-07-08 10:50:33,813 [myid:2] - INFO  [WorkerReceiver[myid=2]:FastLeaderElection$Messenger$WorkerReceiver@390] - Notification: my state:LOOKING; n.sid:1, n.state:LOOKING, n.leader:2, n.round:0x1, n.peerEpoch:0x0, n.zxid:0x0, message format version:0x2, n.config version:0x0
2022-07-08 10:50:34,013 [myid:2] - INFO  [QuorumPeer[myid=2](plain=[0:0:0:0:0:0:0:0]:2182)(secure=disabled):QuorumPeer@902] - Peer state changed: leading
2022-07-08 10:50:34,015 [myid:2] - INFO  [QuorumPeer[myid=2](plain=[0:0:0:0:0:0:0:0]:2182)(secure=disabled):QuorumPeer@1532] - LEADING
2022-07-08 10:50:34,031 [myid:2] - INFO  [QuorumPeer[myid=2](plain=[0:0:0:0:0:0:0:0]:2182)(secure=disabled):LearnerMaster@47] - zookeeper.leader.maxConcurrentSnapSyncs = 10
2022-07-08 10:50:34,031 [myid:2] - INFO  [QuorumPeer[myid=2](plain=[0:0:0:0:0:0:0:0]:2182)(secure=disabled):LearnerMaster@50] - zookeeper.leader.maxConcurrentDiffSyncs = 100
2022-07-08 10:50:34,032 [myid:2] - INFO  [QuorumPeer[myid=2](plain=[0:0:0:0:0:0:0:0]:2182)(secure=disabled):Leader@87] - TCP NoDelay set to: true
2022-07-08 10:50:34,033 [myid:2] - INFO  [QuorumPeer[myid=2](plain=[0:0:0:0:0:0:0:0]:2182)(secure=disabled):Leader@108] - zookeeper.leader.ackLoggingFrequency = 1000
2022-07-08 10:50:34,033 [myid:2] - INFO  [QuorumPeer[myid=2](plain=[0:0:0:0:0:0:0:0]:2182)(secure=disabled):Leader@1345] - zookeeper.leader.maxTimeToWaitForEpoch = -1ms
2022-07-08 10:50:34,045 [myid:2] - INFO  [QuorumPeer[myid=2](plain=[0:0:0:0:0:0:0:0]:2182)(secure=disabled):BlueThrottle@141] - Weighed connection throttling is disabled
2022-07-08 10:50:34,049 [myid:2] - INFO  [QuorumPeer[myid=2](plain=[0:0:0:0:0:0:0:0]:2182)(secure=disabled):ZooKeeperServer@1306] - minSessionTimeout set to 4000
2022-07-08 10:50:34,049 [myid:2] - INFO  [QuorumPeer[myid=2](plain=[0:0:0:0:0:0:0:0]:2182)(secure=disabled):ZooKeeperServer@1315] - maxSessionTimeout set to 40000
2022-07-08 10:50:34,053 [myid:2] - INFO  [QuorumPeer[myid=2](plain=[0:0:0:0:0:0:0:0]:2182)(secure=disabled):ResponseCache@45] - getData response cache size is initialized with value 400.
2022-07-08 10:50:34,054 [myid:2] - INFO  [QuorumPeer[myid=2](plain=[0:0:0:0:0:0:0:0]:2182)(secure=disabled):ResponseCache@45] - getChildren response cache size is initialized with value 400.
2022-07-08 10:50:34,058 [myid:2] - INFO  [QuorumPeer[myid=2](plain=[0:0:0:0:0:0:0:0]:2182)(secure=disabled):RequestPathMetricsCollector@109] - zookeeper.pathStats.slotCapacity = 60
2022-07-08 10:50:34,058 [myid:2] - INFO  [QuorumPeer[myid=2](plain=[0:0:0:0:0:0:0:0]:2182)(secure=disabled):RequestPathMetricsCollector@110] - zookeeper.pathStats.slotDuration = 15
2022-07-08 10:50:34,059 [myid:2] - INFO  [QuorumPeer[myid=2](plain=[0:0:0:0:0:0:0:0]:2182)(secure=disabled):RequestPathMetricsCollector@111] - zookeeper.pathStats.maxDepth = 6
2022-07-08 10:50:34,059 [myid:2] - INFO  [QuorumPeer[myid=2](plain=[0:0:0:0:0:0:0:0]:2182)(secure=disabled):RequestPathMetricsCollector@112] - zookeeper.pathStats.initialDelay = 5
2022-07-08 10:50:34,059 [myid:2] - INFO  [QuorumPeer[myid=2](plain=[0:0:0:0:0:0:0:0]:2182)(secure=disabled):RequestPathMetricsCollector@113] - zookeeper.pathStats.delay = 5
2022-07-08 10:50:34,060 [myid:2] - INFO  [QuorumPeer[myid=2](plain=[0:0:0:0:0:0:0:0]:2182)(secure=disabled):RequestPathMetricsCollector@114] - zookeeper.pathStats.enabled = false
2022-07-08 10:50:34,067 [myid:2] - INFO  [QuorumPeer[myid=2](plain=[0:0:0:0:0:0:0:0]:2182)(secure=disabled):ZooKeeperServer@1542] - The max bytes for all large requests are set to 104857600
2022-07-08 10:50:34,068 [myid:2] - INFO  [QuorumPeer[myid=2](plain=[0:0:0:0:0:0:0:0]:2182)(secure=disabled):ZooKeeperServer@1556] - The large request threshold is set to -1
2022-07-08 10:50:34,070 [myid:2] - INFO  [QuorumPeer[myid=2](plain=[0:0:0:0:0:0:0:0]:2182)(secure=disabled):AuthenticationHelper@66] - zookeeper.enforce.auth.enabled = false
2022-07-08 10:50:34,071 [myid:2] - INFO  [QuorumPeer[myid=2](plain=[0:0:0:0:0:0:0:0]:2182)(secure=disabled):AuthenticationHelper@67] - zookeeper.enforce.auth.schemes = []
2022-07-08 10:50:34,071 [myid:2] - INFO  [QuorumPeer[myid=2](plain=[0:0:0:0:0:0:0:0]:2182)(secure=disabled):ZooKeeperServer@361] - Created server with tickTime 2000 minSessionTimeout 4000 maxSessionTimeout 40000 clientPortListenBacklog -1 datadir /tmp/zookeeper-2/version-2 snapdir /tmp/zookeeper-2/version-2
2022-07-08 10:50:34,083 [myid:2] - INFO  [QuorumPeer[myid=2](plain=[0:0:0:0:0:0:0:0]:2182)(secure=disabled):Leader@584] - LEADING - LEADER ELECTION TOOK - 289 MS
2022-07-08 10:50:34,102 [myid:2] - INFO  [QuorumPeer[myid=2](plain=[0:0:0:0:0:0:0:0]:2182)(secure=disabled):QuorumPeer@916] - Peer state changed: leading - discovery
2022-07-08 10:50:34,118 [myid:2] - INFO  [QuorumPeer[myid=2](plain=[0:0:0:0:0:0:0:0]:2182)(secure=disabled):FileTxnSnapLog@479] - Snapshotting: 0x0 to /tmp/zookeeper-2/version-2/snapshot.0
2022-07-08 10:50:34,120 [myid:2] - INFO  [QuorumPeer[myid=2](plain=[0:0:0:0:0:0:0:0]:2182)(secure=disabled):ZooKeeperServer@543] - Snapshot taken in 4 ms
2022-07-08 10:50:34,141 [myid:2] - INFO  [LearnerCnxAcceptorHandler-localhost/127.0.0.1:2888:LearnerHandler@75] - zookeeper.leader.closeSocketAsync = false
2022-07-08 10:50:34,147 [myid:2] - INFO  [LearnerHandler-/127.0.0.1:37288:LearnerHandler@509] - Follower sid: 1 : info : localhost:2788:3788:participant
2022-07-08 10:50:34,151 [myid:2] - INFO  [QuorumPeer[myid=2](plain=[0:0:0:0:0:0:0:0]:2182)(secure=disabled):QuorumPeer@1875] - Dynamic reconfig is disabled, we don't store the last seen config.
2022-07-08 10:50:34,152 [myid:2] - INFO  [LearnerHandler-/127.0.0.1:37288:ZKDatabase@346] - On disk txn sync enabled with snapshotSizeFactor 0.33
2022-07-08 10:50:34,152 [myid:2] - INFO  [LearnerHandler-/127.0.0.1:37288:LearnerHandler@804] - Synchronizing with Learner sid: 1 maxCommittedLog=0x0 minCommittedLog=0x0 lastProcessedZxid=0x0 peerLastZxid=0x0
2022-07-08 10:50:34,152 [myid:2] - INFO  [LearnerHandler-/127.0.0.1:37288:LearnerHandler@849] - Sending DIFF zxid=0x0 for peer sid: 1
2022-07-08 10:50:34,154 [myid:2] - INFO  [QuorumPeer[myid=2](plain=[0:0:0:0:0:0:0:0]:2182)(secure=disabled):QuorumPeer@916] - Peer state changed: leading - synchronization
2022-07-08 10:50:34,188 [myid:2] - INFO  [QuorumPeer[myid=2](plain=[0:0:0:0:0:0:0:0]:2182)(secure=disabled):Leader@1495] - Have quorum of supporters, sids: [[1, 2]]; starting up and setting last processed zxid: 0x100000000
2022-07-08 10:50:34,189 [myid:2] - INFO  [QuorumPeer[myid=2](plain=[0:0:0:0:0:0:0:0]:2182)(secure=disabled):Leader@1517] - Dynamic reconfig feature is disabled, skip designatedLeader calculation and reconfig processing.
2022-07-08 10:50:34,197 [myid:2] - INFO  [QuorumPeer[myid=2](plain=[0:0:0:0:0:0:0:0]:2182)(secure=disabled):CommitProcessor@491] - Configuring CommitProcessor with readBatchSize -1 commitBatchSize 1
2022-07-08 10:50:34,197 [myid:2] - INFO  [QuorumPeer[myid=2](plain=[0:0:0:0:0:0:0:0]:2182)(secure=disabled):CommitProcessor@452] - Configuring CommitProcessor with 4 worker threads.
2022-07-08 10:50:34,199 [myid:2] - INFO  [QuorumPeer[myid=2](plain=[0:0:0:0:0:0:0:0]:2182)(secure=disabled):ProposalRequestProcessor@57] - zookeeper.forward_learner_requests_to_commit_processor_disabled = false
2022-07-08 10:50:34,202 [myid:2] - INFO  [ProcessThread(sid:2 cport:-1)::PrepRequestProcessor@137] - PrepRequestProcessor (sid:2) started, reconfigEnabled=false
2022-07-08 10:50:34,203 [myid:2] - INFO  [QuorumPeer[myid=2](plain=[0:0:0:0:0:0:0:0]:2182)(secure=disabled):ContainerManager@84] - Using checkIntervalMs=60000 maxPerMinute=10000 maxNeverUsedIntervalMs=0
2022-07-08 10:50:34,203 [myid:2] - INFO  [QuorumPeer[myid=2](plain=[0:0:0:0:0:0:0:0]:2182)(secure=disabled):RequestThrottler@75] - zookeeper.request_throttler.shutdownTimeout = 10000
2022-07-08 10:50:34,217 [myid:2] - INFO  [QuorumPeer[myid=2](plain=[0:0:0:0:0:0:0:0]:2182)(secure=disabled):QuorumPeer@916] - Peer state changed: leading - broadcast
